<?xml version="1.0" encoding="UTF-8"?>
<!-- Generated by org.testng.reporters.JUnitReportReporter -->
<testsuite hostname="IN-PG02P5ZH" failures="0" tests="1" name="Add_to_cart_pageTest" time="7.937" errors="0" timestamp="2023-08-09T14:58:04 IST" skipped="0">
  <testcase classname="Add_to_cart_pageTest" name="clickitemTest" time="7.937"/>
  <system-out/>
</testsuite> <!-- Add_to_cart_pageTest -->
