<?xml version="1.0" encoding="UTF-8"?>
<!-- Generated by org.testng.reporters.JUnitReportReporter -->
<testsuite hostname="IN-PG02P5ZH" failures="0" tests="1" name="Add_to_cart_pageTest" time="3.957" errors="0" timestamp="2023-08-08T22:29:11 IST" skipped="0">
  <testcase classname="Add_to_cart_pageTest" name="clickitemTest" time="3.957"/>
  <system-out/>
</testsuite> <!-- Add_to_cart_pageTest -->
